ca65 V2.9.2 - (C) Copyright 1998-2000 Ullrich von Bassewitz
Main file   : mmintro.asm
Current file: mmintro.asm

000000r 1               ;----------------------------------------------
000000r 1               ;Manic Miner intro screen
000000r 1               ; Atom version by Kees van Oss  2014
000000r 1               ;----------------------------------------------
000000r 1               	.DEFINE asm_code $3000
000000r 1               	.DEFINE header   1		; Header Wouter Ras emulator
000000r 1               	.DEFINE filenaam "MMINTRO"
000000r 1               
000000r 1               .org asm_code-22*header
002FEA  1               
002FEA  1               .IF header
002FEA  1               ;********************************************************************
002FEA  1               ; ATM Header for Atom emulator Wouter Ras
002FEA  1               
002FEA  1               name_start:
002FEA  1  4D 4D 49 4E  	.byte filenaam			; Filename
002FEE  1  54 52 4F     
002FF1  1               name_end:
002FF1  1  00 00 00 00  	.repeat 16-name_end+name_start	; Fill with 0 till 16 chars
002FF5  1  00 00 00 00  
002FF9  1  00           
002FFA  1               	  .byte $0
002FFA  1               	.endrep
002FFA  1               
002FFA  1  00 30        	.word asm_code			; 2 bytes startaddress
002FFC  1  00 30        	.word exec			; 2 bytes linkaddress
002FFE  1  B1 05        	.word eind_asm-start_asm	; 2 bytes filelength
003000  1               
003000  1               ;********************************************************************
003000  1               .ENDIF
003000  1               
003000  1               
003000  1               exec  = start_asm
003000  1               
003000  1               start_asm:
003000  1               	.include "mmintro.inc"
003000  1               eind_asm:
003000  2               OSCLI		= $fff7
003000  2               LFFF4		= $fff4
003000  2               L3190		= $3298
003000  2               
003000  2               straddr		= $80
003000  2               scrolladdr	= $82
003000  2               stop_flag	= $85
003000  2               irq_flag	= $86
003000  2               
003000  2               ; Clear screen
003000  2               
003000  2  A9 0C        	lda #12		; Clear screen
003002  2  20 F4 FF     	jsr LFFF4
003005  2               
003005  2  A9 00        	lda #0		; Erase cursor
003007  2  85 E1        	sta $e1
003009  2  85 85        	sta stop_flag
00300B  2               
00300B  2  A2 ED        	ldx #<str1	; Print (C) SOFTWARE PROJECTS
00300D  2  A0 30        	ldy #>str1
00300F  2  20 BC 30     	jsr prtstr
003012  2               
003012  2  A2 05        	ldx #<str2	; Print PRESS SPACE
003014  2  A0 31        	ldy #>str2
003016  2  20 BC 30     	jsr prtstr
003019  2               
003019  2  A2 13        	ldx #<str3	; Print empty scrollbar
00301B  2  A0 31        	ldy #>str3
00301D  2  20 BC 30     	jsr prtstr
003020  2               
003020  2  20 B3 30     	jsr scrollinit
003023  2  20 BC 31     	jsr irqinit
003026  2               
003026  2               ; Main loop 
003026  2               
003026  2               main:
003026  2  20 34 31     	jsr copy_screen1
003029  2  20 67 30     	jsr wait
00302C  2  A5 85        	lda stop_flag
00302E  2  D0 13        	bne end_routine
003030  2  20 81 30     	jsr scroll
003033  2  20 78 31     	jsr copy_screen2
003036  2  20 67 30     	jsr wait
003039  2  A5 85        	lda stop_flag
00303B  2  D0 06        	bne end_routine
00303D  2  20 81 30     	jsr scroll
003040  2  4C 26 30     	jmp main
003043  2               
003043  2               end_routine:
003043  2  78           	sei
003044  2  A9 00        	lda #0
003046  2  8D 00 B0     	sta $b000	; Reset keyscan
003049  2  8D 02 B0     	sta $b002	; Reset colour pallet
00304C  2               
00304C  2               ; Load MM.ATM
00304C  2               
00304C  2  A2 00        	ldx #0
00304E  2               namecopy:
00304E  2  BD 5C 30     	lda filename,x
003051  2  9D 00 01     	sta $0100,x
003054  2  E8           	inx
003055  2  C9 0D        	cmp #13
003057  2  D0 F5        	bne namecopy
003059  2               
003059  2               ;	lda #<filename
003059  2               ;	sta straddr
003059  2               ;	lda #>filename
003059  2               ;	sta straddr+1
003059  2               
003059  2               ;	lda #<$0500
003059  2               ;	sta straddr+2
003059  2               ;	lda #>$0500
003059  2               ;	sta straddr+3
003059  2               
003059  2               ;	lda #<$0500
003059  2               ;	sta straddr+4
003059  2               ;	lda #>$0500
003059  2               ;	sta straddr+5
003059  2               
003059  2               ;	lda #21		; No text
003059  2               ;	jsr LFFF4
003059  2               
003059  2               ;	ldx #straddr
003059  2  4C F7 FF     	jmp OSCLI
00305C  2               ;	jmp L3190	; Exec address MM.ATM
00305C  2               
00305C  2               ;	lda #12		; Clear screen
00305C  2               ;	jmp LFFF4
00305C  2               
00305C  2  52 2E 22 4D  filename:	.byte "R.",$22,"MMCODE",$22,13
003060  2  4D 43 4F 44  
003064  2  45 22 0D     
003067  2               
003067  2               ;----------------------------------------------------------------
003067  2               ; Wait routine between 2 screens
003067  2               ;----------------------------------------------------------------
003067  2               
003067  2               wait:
003067  2  A0 32        	ldy #50
003069  2               wl2:
003069  2  A2 00        	ldx #$0
00306B  2               wl1:
00306B  2  A9 09        	lda #9		; Test space pressed
00306D  2  8D 00 B0     	sta $b000
003070  2  AD 01 B0     	lda $b001
003073  2  29 01        	and #1
003075  2  F0 07        	beq keypressed
003077  2  E8           	inx
003078  2  D0 F1        	bne wl1
00307A  2               
00307A  2  88           	dey
00307B  2  D0 EC        	bne wl2
00307D  2               
00307D  2  60           	rts
00307E  2               
00307E  2               keypressed:
00307E  2  E6 85        	inc stop_flag
003080  2  60           	rts
003081  2               
003081  2               ;----------------------------------------------------------------
003081  2               ; Text scroller
003081  2               ;----------------------------------------------------------------
003081  2               
003081  2               scroll:
003081  2  20 66 FE     	jsr $fe66
003084  2  A2 06        	ldx #6
003086  2               copyleft:
003086  2  BD A0 81     	lda $81a0,x
003089  2  9D 9F 81     	sta $819f,x
00308C  2  E8           	inx
00308D  2  E0 1C        	cpx #28
00308F  2  D0 F5        	bne copyleft
003091  2               
003091  2  A0 00        	ldy #0
003093  2  B1 82        	lda (scrolladdr),y
003095  2  F0 1C        	beq scrollinit
003097  2  C9 41        	cmp #65
003099  2  90 05        	bcc sign
00309B  2  09 20        	ora #$20
00309D  2  4C A2 30     	jmp store
0030A0  2               sign:
0030A0  2  49 A0        	eor #$a0
0030A2  2               store:
0030A2  2  8D 32 31     	sta str4+2
0030A5  2               
0030A5  2  A2 30        	ldx #<str4
0030A7  2  A0 31        	ldy #>str4
0030A9  2  20 BC 30     	jsr prtstr
0030AC  2               
0030AC  2  E6 82        	inc scrolladdr
0030AE  2  D0 02        	bne endscroll
0030B0  2  E6 83        	inc scrolladdr+1
0030B2  2               endscroll:
0030B2  2  60           	rts
0030B3  2               
0030B3  2               scrollinit:
0030B3  2  A9 9C        	lda #<scrolltxt
0030B5  2  85 82        	sta scrolladdr
0030B7  2  A9 34        	lda #>scrolltxt
0030B9  2  85 83        	sta scrolladdr+1
0030BB  2  60           	rts
0030BC  2               	
0030BC  2               ;----------------------------------------------------------------
0030BC  2               ; Print string in X,Y
0030BC  2               ;----------------------------------------------------------------
0030BC  2               
0030BC  2               prtstr:
0030BC  2  86 80        	stx straddr
0030BE  2  84 81        	sty straddr+1
0030C0  2               
0030C0  2  A9 1E        	lda #30
0030C2  2  20 F4 FF     	jsr LFFF4
0030C5  2               
0030C5  2  A0 01        	ldy #1
0030C7  2  B1 80        	lda (straddr),y
0030C9  2  A8           	tay
0030CA  2  A9 0A        	lda #10
0030CC  2               vtab:
0030CC  2  20 F4 FF     	jsr LFFF4
0030CF  2  88           	dey
0030D0  2  D0 FA        	bne vtab
0030D2  2               
0030D2  2               
0030D2  2  A0 00        	ldy #0
0030D4  2  B1 80        	lda (straddr),y
0030D6  2  A8           	tay
0030D7  2  A9 09        	lda #9
0030D9  2               htab:
0030D9  2  20 F4 FF     	jsr LFFF4
0030DC  2  88           	dey
0030DD  2  D0 FA        	bne htab
0030DF  2               
0030DF  2  A0 02        	ldy #2
0030E1  2               scrloop:
0030E1  2  B1 80        	lda (straddr),y
0030E3  2  F0 07        	beq endstr
0030E5  2  20 F4 FF     	jsr LFFF4
0030E8  2  C8           	iny
0030E9  2  4C E1 30     	jmp scrloop
0030EC  2               endstr:
0030EC  2  60           	rts
0030ED  2               
0030ED  2  05 0B 28 43  str1:	.byte 5,11,"(C) SOFTWARE PROJECTS",0
0030F1  2  29 20 53 4F  
0030F5  2  46 54 57 41  
003105  2  0A 0F 50 52  str2:	.byte 10,15,"PRESS SPACE",0
003109  2  45 53 53 20  
00310D  2  53 50 41 43  
003113  2  03 0D 80 80  str3:	.byte 3,13,$80,$80,$80,$80,$80,$80,$80,$80,$80,$80
003117  2  80 80 80 80  
00311B  2  80 80 80 80  
00311F  2  80 80 80 80  	.byte $80,$80,$80,$80,$80,$80,$80,$80,$80,$80,$80
003123  2  80 80 80 80  
003127  2  80 80 80     
00312A  2  80 80 80 80  	.byte $80,$80,$80,$80,$80,0
00312E  2  80 00        
003130  2  1A 0D FF 00  str4:   .byte 26,13,$ff,0
003134  2               
003134  2               ;----------------------------------------------------------------
003134  2               ; Copy screen routines
003134  2               ;----------------------------------------------------------------
003134  2               
003134  2               copy_screen1:
003134  2  A2 00        	ldx #0
003136  2               loop1:
003136  2  BD 1C 32     	lda scr1_l0,x
003139  2  9D 00 80     	sta $8000,x
00313C  2  BD 3C 32     	lda scr1_l1,x
00313F  2  9D 20 80     	sta $8020,x
003142  2  BD 5C 32     	lda scr1_l2,x
003145  2  9D 40 80     	sta $8040,x
003148  2  BD 7C 32     	lda scr1_l3,x
00314B  2  9D 60 80     	sta $8060,x
00314E  2  BD 9C 32     	lda scr1_l4,x
003151  2  9D 80 80     	sta $8080,x
003154  2  BD BC 32     	lda scr1_l5,x
003157  2  9D A0 80     	sta $80a0,x
00315A  2  BD DC 32     	lda scr1_l6,x
00315D  2  9D C0 80     	sta $80c0,x
003160  2  BD FC 32     	lda scr1_l7,x
003163  2  9D E0 80     	sta $80e0,x
003166  2  BD 1C 33     	lda scr1_l8,x
003169  2  9D 00 81     	sta $8100,x
00316C  2  BD 3C 33     	lda scr1_l9,x
00316F  2  9D 20 81     	sta $8120,x
003172  2  E8           	inx
003173  2  E0 20        	cpx #32
003175  2  D0 BF        	bne loop1
003177  2  60           	rts
003178  2               
003178  2               copy_screen2:
003178  2  A2 00        	ldx #0		; 2+32*96=
00317A  2               loop2:
00317A  2  BD 5C 33     	lda scr2_l0,x	; 4
00317D  2  9D 00 80     	sta $8000,x	; 5
003180  2  BD 7C 33     	lda scr2_l1,x	; 4
003183  2  9D 20 80     	sta $8020,x	; 5
003186  2  BD 9C 33     	lda scr2_l2,x	; 4
003189  2  9D 40 80     	sta $8040,x	; 5
00318C  2  BD BC 33     	lda scr2_l3,x	; 4
00318F  2  9D 60 80     	sta $8060,x	; 5
003192  2  BD DC 33     	lda scr2_l4,x	; 4
003195  2  9D 80 80     	sta $8080,x	; 5
003198  2  BD FC 33     	lda scr2_l5,x	; 4
00319B  2  9D A0 80     	sta $80a0,x	; 5
00319E  2  BD 1C 34     	lda scr2_l6,x	; 4
0031A1  2  9D C0 80     	sta $80c0,x	; 5
0031A4  2  BD 3C 34     	lda scr2_l7,x	; 4
0031A7  2  9D E0 80     	sta $80e0,x	; 5
0031AA  2  BD 5C 34     	lda scr2_l8,x	; 4
0031AD  2  9D 00 81     	sta $8100,x	; 5
0031B0  2  BD 7C 34     	lda scr2_l9,x	; 4
0031B3  2  9D 20 81     	sta $8120,x	; 5
0031B6  2  E8           	inx		; 2
0031B7  2  E0 20        	cpx #32		; 2
0031B9  2  D0 BF        	bne loop2	; 2
0031BB  2               
0031BB  2  60           	rts
0031BC  2               
0031BC  2               ;----------------------------------------------------------------
0031BC  2               ; IRQ routine
0031BC  2               ; - Repeat
0031BC  2               ; -   Trigger at flyback
0031BC  2               ; -   Switch to colour pallete 1
0031BC  2               ; -   Set new IRQ timer for switchback to colour pallete 0
0031BC  2               ; -   Switch to colour pallete 0
0031BC  2               ; -   Set new IRQ at flyback for switchback to colour pallete 1
0031BC  2               ; - Until 0
0031BC  2               ;----------------------------------------------------------------
0031BC  2               
0031BC  2               irqtime		= 16600
0031BC  2               coltime		= 12*64
0031BC  2               
0031BC  2               irqinit:
0031BC  2  78           	sei
0031BD  2               
0031BD  2  A2 00        	ldx #0
0031BF  2  86 86        	stx irq_flag
0031C1  2               
0031C1  2  20 66 FE     	jsr $fe66		; Trigger at flyback
0031C4  2  A9 31        	lda #>irqvec		; Set new IRQ vec
0031C6  2  8D 05 02     	sta $205
0031C9  2  A9 E6        	lda #<irqvec
0031CB  2  8D 04 02     	sta $204
0031CE  2               
0031CE  2  BD 18 32     	lda timer_l,x		; Set IRQ timer for flyback
0031D1  2  8D 04 B8     	sta $b804
0031D4  2  BD 1A 32     	lda timer_h,x
0031D7  2  8D 05 B8     	sta $b805
0031DA  2               
0031DA  2  A9 40        	lda #$40
0031DC  2  8D 0B B8     	sta $b80b
0031DF  2               
0031DF  2  A9 C0        	lda #$c0		; Enable T1-IRQ
0031E1  2  8D 0E B8     	sta $b80e
0031E4  2               
0031E4  2  58           	cli
0031E5  2  60           	rts
0031E6  2               
0031E6  2               ; IRQ handler to switch to colour pallette 1
0031E6  2               ; Set timer for switching back to pallette 0
0031E6  2               
0031E6  2               irqvec:
0031E6  2  AD 04 B8     	lda $b804		; Clear IRQ flag
0031E9  2               
0031E9  2  78           	sei
0031EA  2               
0031EA  2  8A           	txa
0031EB  2  48           	pha
0031EC  2  98           	tya
0031ED  2  48           	pha
0031EE  2               
0031EE  2  A5 86        	lda irq_flag
0031F0  2  29 01        	and #1
0031F2  2  AA           	tax
0031F3  2  D0 0A        	bne irq2
0031F5  2               
0031F5  2               wait_vsync:
0031F5  2  2C 02 B0     	bit $b002		; Wait for flyback
0031F8  2  30 FB        	bmi wait_vsync
0031FA  2               
0031FA  2  A9 08        	lda #8			; Switch to pallette 1
0031FC  2  4C 01 32     	jmp set_palette
0031FF  2               irq2:
0031FF  2  A9 00        	lda #0
003201  2               set_palette:
003201  2  8D 02 B0     	sta $b002
003204  2               
003204  2  BD 18 32     	lda timer_l,x		; Set IRQ timer for pallette 1
003207  2  8D 04 B8     	sta $b804
00320A  2  BD 1A 32     	lda timer_h,x
00320D  2  8D 05 B8     	sta $b805
003210  2               
003210  2  E6 86        	inc irq_flag
003212  2               
003212  2  68           	pla
003213  2  A8           	tay
003214  2  68           	pla
003215  2  AA           	tax
003216  2  68           	pla
003217  2  40           	rti
003218  2               
003218  2  F0 40        timer_l:	.byte <(10*12*64+240),<8000
00321A  2  1E 1F        timer_h:	.byte >(10*12*64+240),>8000
00321C  2               
00321C  2               ;----------------------------------------------------------------
00321C  2               ; Screen 1, MANIC MINER
00321C  2               ;----------------------------------------------------------------
00321C  2               
00321C  2               scr1_l0:
00321C  2  20 20 20     	.byte 32,32,32
00321F  2  FF C3 20 C3  	.byte 255,195,32,195,255,32,32,67,67,67,32,32,255,195
003223  2  FF 20 20 43  
003227  2  43 43 20 20  
00322D  2  20 20 FF 20  	.byte 32,32,255,32,32,32,32,32,32,195,195,195,32
003231  2  20 20 20 20  
003235  2  20 C3 C3 C3  
00323A  2  20 20        	.byte 32,32
00323C  2               scr1_l1:
00323C  2  20 20 20     	.byte 32,32,32
00323F  2  FF F0 CF F0  	.byte 255,240,207,240,255,32,79,112,112,112,79,32,255,240
003243  2  FF 20 4F 70  
003247  2  70 70 4F 20  
00324D  2  CF 20 FF 20  	.byte 207,32,255,32,79,79,79,32,207,240,240,240,207
003251  2  4F 4F 4F 20  
003255  2  CF F0 F0 F0  
00325A  2  20 20        	.byte 32,32
00325C  2               scr1_l2:
00325C  2  20 20 20     	.byte 32,32,32
00325F  2  FF 20 20 20  	.byte 255,32,32,32,255,32,127,67,67,67,127,32,255,32
003263  2  FF 20 7F 43  
003267  2  43 43 7F 20  
00326D  2  20 FC FF 20  	.byte 32,252,255,32,32,127,32,32,255,32,32,32,195
003271  2  20 7F 20 20  
003275  2  FF 20 20 20  
00327A  2  20 20        	.byte 32,32
00327C  2               scr1_l3:
00327C  2  20 20 20     	.byte 32,32,32
00327F  2  F0 20 20 20  	.byte 240,32,32,32,240,32,127,112,112,112,127,32,240,32
003283  2  F0 20 7F 70  
003287  2  70 70 7F 20  
00328D  2  20 20 F0 20  	.byte 32,32,240,32,32,127,32,32,240,207,207,207,240
003291  2  20 7F 20 20  
003295  2  F0 CF CF CF  
00329A  2  20 20        	.byte 32,32
00329C  2               scr1_l4:
00329C  2  20 20 20     	.byte 32,32,32
00329F  2  20 20 20 20  	.byte 32,32,32,32,32,32,32,32,32,32,32,32,32,32
0032A3  2  20 20 20 20  
0032A7  2  20 20 20 20  
0032AD  2  20 20 20 20  	.byte 32,32,32,32,124,124,124,32,32,32,32,32,32
0032B1  2  7C 7C 7C 20  
0032B5  2  20 20 20 20  
0032BA  2  20 20        	.byte 32,32
0032BC  2               scr1_l5:
0032BC  2  20 20 20     	.byte 32,32,32
0032BF  2  20 20 20 20  	.byte 32,32,32,32,32,32,207,207,207,32,32,32,32,32
0032C3  2  20 20 CF CF  
0032C7  2  CF 20 20 20  
0032CD  2  20 20 CF CF  	.byte 32,32,207,207,207,207,32,32,32,32,32,32,32
0032D1  2  CF CF 20 20  
0032D5  2  20 20 20 20  
0032DA  2  20 20        	.byte 32,32
0032DC  2               scr1_l6:
0032DC  2  20 20 20     	.byte 32,32,32
0032DF  2  43 20 20 20  	.byte 67,32,32,32,67,32,32,255,32,32,127,67,32,32
0032E3  2  43 20 20 FF  
0032E7  2  20 20 7F 43  
0032ED  2  7F 20 FF C3  	.byte 127,32,255,195,195,195,32,67,67,67,67,32,32
0032F1  2  C3 C3 20 43  
0032F5  2  43 43 43 20  
0032FA  2  20 20        	.byte 32,32
0032FC  2               scr1_l7:
0032FC  2  20 20 20     	.byte 32,32,32
0032FF  2  7F 4F 20 4F  	.byte 127,79,32,79,127,32,32,255,32,32,127,112,79,32
003303  2  7F 20 20 FF  
003307  2  20 20 7F 70  
00330D  2  7F 20 FF F0  	.byte 127,32,255,240,240,240,32,127,112,112,112,79,32
003311  2  F0 F0 20 7F  
003315  2  70 70 70 4F  
00331A  2  20 20        	.byte 32,32
00331C  2               scr1_l8:
00331C  2  20 20 20     	.byte 32,32,32
00331F  2  7F 20 7C 20  	.byte 127,32,124,32,127,32,252,252,252,32,127,32,32,124
003323  2  7F 20 FC FC  
003327  2  FC 20 7F 20  
00332D  2  7F 20 FC FC  	.byte 127,32,252,252,252,252,32,127,124,127,124,32,32
003331  2  FC FC 20 7F  
003335  2  7C 7F 7C 20  
00333A  2  20 20        	.byte 32,32
00333C  2               scr1_l9:
00333C  2  20 20 20     	.byte 32,32,32
00333F  2  7F 20 20 20  	.byte 127,32,32,32,127,32,32,32,32,32,112,32,32,32
003343  2  7F 20 20 20  
003347  2  20 20 70 20  
00334D  2  70 20 20 20  	.byte 112,32,32,32,32,32,32,127,32,112,79,79,32
003351  2  20 20 20 7F  
003355  2  20 70 4F 4F  
00335A  2  20 20        	.byte 32,32
00335C  2               
00335C  2               
00335C  2               ;----------------------------------------------------------------
00335C  2               ; Screen 2, MANIC MINER
00335C  2               ;----------------------------------------------------------------
00335C  2               
00335C  2               scr2_l0:
00335C  2  20 20 20     	.byte 32,32,32
00335F  2  20 20 20 20  	.byte 32,32,32,32,32,32,67,124,124,124,67,32,32,32
003363  2  20 20 43 7C  
003367  2  7C 7C 43 20  
00336D  2  20 20 20 20  	.byte 32,32,32,32,67,67,67,32,32,32,32,32,32
003371  2  43 43 43 20  
003375  2  20 20 20 20  
00337A  2  20 20        	.byte 32,32
00337C  2               scr2_l1:
00337C  2  20 20 20     	.byte 32,32,32
00337F  2  CF 20 20 20  	.byte 207,32,32,32,207,32,127,32,32,32,127,32,207,32
003383  2  CF 20 7F 20  
003387  2  20 20 7F 20  
00338D  2  20 20 CF 20  	.byte 32,32,207,32,112,127,112,32,32,207,207,207,32
003391  2  70 7F 70 20  
003395  2  20 CF CF CF  
00339A  2  20 20        	.byte 32,32
00339C  2               scr2_l2:
00339C  2  20 20 20     	.byte 32,32,32
00339F  2  FF FC C3 FC  	.byte 255,252,195,252,255,32,127,124,124,124,127,32,255,255
0033A3  2  FF 20 7F 7C  
0033A7  2  7C 7C 7F 20  
0033AD  2  C3 20 FF 20  	.byte 195,32,255,32,32,127,32,32,255,32,32,32,252
0033B1  2  20 7F 20 20  
0033B5  2  FF 20 20 20  
0033BA  2  20 20        	.byte 32,32
0033BC  2               scr2_l3:
0033BC  2  20 20 20     	.byte 32,32,32
0033BF  2  FF 20 F0 20  	.byte 255,32,240,32,255,32,112,32,32,32,112,32,255,32
0033C3  2  FF 20 70 20  
0033C7  2  20 20 70 20  
0033CD  2  F0 CF FF 20  	.byte 240,207,255,32,79,127,79,32,255,32,32,32,207
0033D1  2  4F 7F 4F 20  
0033D5  2  FF 20 20 20  
0033DA  2  20 20        	.byte 32,32
0033DC  2               scr2_l4:
0033DC  2  20 20 20     	.byte 32,32,32
0033DF  2  FC 20 20 20  	.byte 252,32,32,32,252,32,32,32,32,32,32,32,252,32
0033E3  2  FC 20 20 20  
0033E7  2  20 20 20 20  
0033ED  2  20 20 FC 20  	.byte 32,32,252,32,32,32,32,32,32,252,252,252,32
0033F1  2  20 20 20 20  
0033F5  2  20 FC FC FC  
0033FA  2  20 20        	.byte 32,32
0033FC  2               scr2_l5:
0033FC  2  20 20 20     	.byte 32,32,32
0033FF  2  4F 20 20 20  	.byte 79,32,32,32,79,32,32,32,32,32,79,32,32,32
003403  2  4F 20 20 20  
003407  2  20 20 4F 20  
00340D  2  4F 20 20 20  	.byte 79,32,32,32,32,32,32,32,32,32,32,32,32
003411  2  20 20 20 20  
003415  2  20 20 20 20  
00341A  2  20 20        	.byte 32,32
00341C  2               scr2_l6:
00341C  2  20 20 20     	.byte 32,32,32
00341F  2  7F 7C 43 7C  	.byte 127,124,67,124,127,32,195,195,195,32,127,124,67,32
003423  2  7F 20 C3 C3  
003427  2  C3 20 7F 7C  
00342D  2  7F 20 C3 C3  	.byte 127,32,195,195,195,195,32,127,124,124,124,67,32
003431  2  C3 C3 20 7F  
003435  2  7C 7C 7C 43  
00343A  2  20 20        	.byte 32,32
00343C  2               scr2_l7:
00343C  2  20 20 20     	.byte 32,32,32
00343F  2  7F 20 70 20  	.byte 127,32,112,32,127,32,240,255,240,32,127,32,112,79
003443  2  7F 20 F0 FF  
003447  2  F0 20 7F 20  
00344D  2  7F 20 FF F0  	.byte 127,32,255,240,240,240,32,127,79,79,79,112,32
003451  2  F0 F0 20 7F  
003455  2  4F 4F 4F 70  
00345A  2  20 20        	.byte 32,32
00345C  2               scr2_l8:
00345C  2  20 20 20     	.byte 32,32,32
00345F  2  7C 20 20 20  	.byte 124,32,32,32,124,32,32,255,32,32,124,32,32,32
003463  2  7C 20 20 FF  
003467  2  20 20 7C 20  
00346D  2  7C 20 FF FC  	.byte 124,32,255,252,252,252,32,127,32,124,67,67,32
003471  2  FC FC 20 7F  
003475  2  20 7C 43 43  
00347A  2  20 20        	.byte 32,32
00347C  2               scr2_l9:
00347C  2  20 20 20     	.byte 32,32,32
00347F  2  20 20 20 20  	.byte 32,32,32,32,32,32,207,255,207,32,32,32,32,32
003483  2  20 20 CF FF  
003487  2  CF 20 20 20  
00348D  2  20 20 FF CF  	.byte 32,32,255,207,207,207,32,112,32,32,112,112,32
003491  2  CF CF 20 70  
003495  2  20 20 70 70  
00349A  2  20 20        	.byte 32,32
00349C  2               
00349C  2               ;----------------------------------------------------------------
00349C  2               ; Scrollerdata
00349C  2               ;----------------------------------------------------------------
00349C  2               
00349C  2               scrolltxt:
00349C  2  42 42 43 20  	.byte "BBC VERSION WRITTEN BY D.J.COATHUPE.  "
0034A0  2  56 45 52 53  
0034A4  2  49 4F 4E 20  
0034C2  2  41 54 4F 4D  	.byte "ATOM VERSION WRITTEN BY K.V.OSS.  "
0034C6  2  20 56 45 52  
0034CA  2  53 49 4F 4E  
0034E4  2  4F 52 49 47  	.byte "ORIGINAL PROGRAM BY MATTHEW SMITH.  "
0034E8  2  49 4E 41 4C  
0034EC  2  20 50 52 4F  
003508  2  47 55 49 44  	.byte "GUIDE MINER WILLY AROUND 20 LETHAL CAVERNS "
00350C  2  45 20 4D 49  
003510  2  4E 45 52 20  
003533  2  43 4F 4C 4C  	.byte "COLLECTING KEYS AS YOU GO . . . . . . "
003537  2  45 43 54 49  
00353B  2  4E 47 20 4B  
003559  2  5A 2D 4C 45  	.byte "Z-LEFT  X-RIGHT  RETURN-JUMP  Q-SOUND OFF  "
00355D  2  46 54 20 20  
003561  2  58 2D 52 49  
003584  2  53 2D 53 4F  	.byte "S-SOUND ON  DELETE-FREEZE  COPY-CONTINUE    "
003588  2  55 4E 44 20  
00358C  2  4F 4E 20 20  
0035B0  2  00           	.byte $0
0035B1  2               
0035B1  1               
